e:\convertcsd\converter\converter\debug\converter.pch
e:\convertcsd\converter\converter\debug\vc140.pdb
e:\convertcsd\converter\converter\debug\vc140.idb
e:\convertcsd\converter\converter\debug\stdafx.obj
e:\convertcsd\converter\converter\debug\config.obj
e:\convertcsd\converter\converter\debug\parser.obj
e:\convertcsd\converter\converter\debug\converter.obj
e:\convertcsd\converter\converter\debug\converterdlg.obj
e:\convertcsd\converter\converter\debug\dictionaryhelper.obj
e:\convertcsd\converter\converter\debug\objectcfg.obj
e:\convertcsd\converter\converter\debug\xcsdfile.obj
e:\convertcsd\converter\debug\converter.ilk
e:\convertcsd\converter\debug\converter.exe
e:\convertcsd\converter\debug\converter.pdb
e:\convertcsd\converter\converter\debug\converter.res
e:\convertcsd\converter\converter\debug\converter.tlog\cl.command.1.tlog
e:\convertcsd\converter\converter\debug\converter.tlog\cl.read.1.tlog
e:\convertcsd\converter\converter\debug\converter.tlog\cl.write.1.tlog
e:\convertcsd\converter\converter\debug\converter.tlog\link.command.1.tlog
e:\convertcsd\converter\converter\debug\converter.tlog\link.read.1.tlog
e:\convertcsd\converter\converter\debug\converter.tlog\link.write.1.tlog
e:\convertcsd\converter\converter\debug\converter.tlog\rc.command.1.tlog
e:\convertcsd\converter\converter\debug\converter.tlog\rc.read.1.tlog
e:\convertcsd\converter\converter\debug\converter.tlog\rc.write.1.tlog
